2026-05-24 21:34:26.364 [main] INFO  c.p.m.ManagementPlatformApplication - Starting ManagementPlatformApplication v0.0.1-SNAPSHOT using Java 21.0.11 with PID 1 (/BOOT-INF/classes started by appuser in /)
2026-05-24 21:34:26.369 [main] INFO  c.p.m.ManagementPlatformApplication - No active profile set, falling back to 1 default profile: "default"
2026-05-24 21:34:31.323 [main] WARN  o.s.b.j.a.JpaBaseConfiguration$JpaWebConfiguration - spring.jpa.open-in-view is enabled by default. Therefore, database queries may be performed during view rendering. Explicitly configure spring.jpa.open-in-view to disable this warning
2026-05-24 21:34:31.415 [main] WARN  o.s.b.s.a.UserDetailsServiceAutoConfiguration - 

Using generated security password: 0f4e83c0-f63a-4514-90ae-fc7a5eca3f7f

This generated password is for development use only. Your security configuration must be updated before running your application in production.

2026-05-24 21:34:32.010 [main] INFO  c.p.m.ManagementPlatformApplication - Started ManagementPlatformApplication in 6.309 seconds (process running for 6.983)
2026-05-24 21:36:17.938 [http-nio-8080-exec-1] INFO  c.p.m.service.UserService - Register attempt for email=rosualex@google.ro
2026-05-24 21:36:18.138 [http-nio-8080-exec-1] INFO  c.p.m.service.UserService - User registered successfully: id=7dd21044-d1db-482e-a50c-d569cf2381f9 email=rosualex@google.ro
    2026-05-24 21:44:47.100 [http-nio-8080-exec-3] INFO  c.p.m.service.UserService - Register attempt for email=rosualex@google.ro
2026-05-24 21:44:47.113 [http-nio-8080-exec-3] WARN  c.p.m.service.UserService - Registration failed: email already exists=rosualex@google.ro
2026-05-24 21:45:15.014 [http-nio-8080-exec-5] INFO  c.p.m.service.UserService - Authentication attempt for email=rosuAlex@goole.ro
2026-05-24 21:45:15.022 [http-nio-8080-exec-5] WARN  c.p.m.service.UserService - Authentication failed for email=rosuAlex@goole.ro: user not found
2026-05-24 21:45:52.971 [http-nio-8080-exec-4] INFO  c.p.m.service.UserService - Authentication attempt for email=rosualex@goole.ro
2026-05-24 21:45:52.975 [http-nio-8080-exec-4] WARN  c.p.m.service.UserService - Authentication failed for email=rosualex@goole.ro: user not found
2026-05-24 21:46:13.519 [http-nio-8080-exec-6] INFO  c.p.m.service.UserService - Authentication attempt for email=rosualex@google.ro
2026-05-24 21:46:13.586 [http-nio-8080-exec-6] INFO  c.p.m.service.UserService - Authentication successful for userId=7dd21044-d1db-482e-a50c-d569cf2381f9 email=rosualex@google.ro
2026-05-24 21:47:13.989 [http-nio-8080-exec-8] INFO  c.p.m.service.UserService - Authentication attempt for email=rosualex@google.ro
2026-05-24 21:47:14.057 [http-nio-8080-exec-8] INFO  c.p.m.service.UserService - Authentication successful for userId=7dd21044-d1db-482e-a50c-d569cf2381f9 email=rosualex@google.ro
2026-05-24 21:47:50.712 [http-nio-8080-exec-2] INFO  c.p.m.service.UserService - Updating profile for userId=7dd21044-d1db-482e-a50c-d569cf2381f9
2026-05-24 21:47:50.724 [http-nio-8080-exec-2] INFO  c.p.m.service.UserService - Profile updated for userId=7dd21044-d1db-482e-a50c-d569cf2381f9
2026-05-24 21:48:13.169 [http-nio-8080-exec-1] INFO  c.p.m.service.UserService - Password change attempt for userId=7dd21044-d1db-482e-a50c-d569cf2381f9
2026-05-24 21:48:13.297 [http-nio-8080-exec-1] INFO  c.p.m.service.UserService - Password changed successfully for userId=7dd21044-d1db-482e-a50c-d569cf2381f9
2026-05-24 21:48:21.196 [http-nio-8080-exec-3] INFO  c.p.m.service.UserService - Password change attempt for userId=7dd21044-d1db-482e-a50c-d569cf2381f9
2026-05-24 21:48:21.268 [http-nio-8080-exec-3] WARN  c.p.m.service.UserService - Password change failed for userId=7dd21044-d1db-482e-a50c-d569cf2381f9: current password incorrect
2026-05-24 21:48:29.648 [http-nio-8080-exec-4] INFO  c.p.m.service.UserService - Password change attempt for userId=7dd21044-d1db-482e-a50c-d569cf2381f9
2026-05-24 21:48:29.650 [http-nio-8080-exec-4] WARN  c.p.m.service.UserService - Password change failed for userId=7dd21044-d1db-482e-a50c-d569cf2381f9: new password identical to current
2026-05-24 21:48:37.281 [http-nio-8080-exec-7] INFO  c.p.m.service.UserService - Password change attempt for userId=7dd21044-d1db-482e-a50c-d569cf2381f9
2026-05-24 21:48:37.413 [http-nio-8080-exec-7] INFO  c.p.m.service.UserService - Password changed successfully for userId=7dd21044-d1db-482e-a50c-d569cf2381f9
2026-05-24 21:48:47.067 [http-nio-8080-exec-8] INFO  c.p.m.service.UserService - Authentication attempt for email=rosualex@google.ro
2026-05-24 21:48:47.135 [http-nio-8080-exec-8] INFO  c.p.m.service.UserService - Authentication successful for userId=7dd21044-d1db-482e-a50c-d569cf2381f9 email=rosualex@google.ro
2026-05-24 21:49:02.702 [http-nio-8080-exec-10] INFO  c.p.m.service.UserService - Password change attempt for userId=7dd21044-d1db-482e-a50c-d569cf2381f9
2026-05-24 21:49:02.773 [http-nio-8080-exec-10] WARN  c.p.m.service.UserService - Password change failed for userId=7dd21044-d1db-482e-a50c-d569cf2381f9: current password incorrect
2026-05-24 21:51:10.702 [http-nio-8080-exec-1] INFO  c.p.m.service.UserService - Authentication attempt for email=rosualex@google.ro
2026-05-24 21:51:10.779 [http-nio-8080-exec-1] INFO  c.p.m.service.UserService - Authentication successful for userId=7dd21044-d1db-482e-a50c-d569cf2381f9 email=rosualex@google.ro
2026-05-24 21:51:23.756 [http-nio-8080-exec-4] INFO  c.p.m.service.UserService - Returning 6 users
2026-05-24 21:52:20.664 [http-nio-8080-exec-6] INFO  c.p.m.service.UserService - Register attempt for email=anamaria@google.ro
2026-05-24 21:52:20.734 [http-nio-8080-exec-6] INFO  c.p.m.service.UserService - User registered successfully: id=8c59e468-bd35-438d-b448-3ac08adc0f20 email=anamaria@google.ro
2026-05-24 21:52:25.152 [http-nio-8080-exec-7] INFO  c.p.m.service.UserService - Returning 7 users
2026-05-24 21:53:22.750 [http-nio-8080-exec-10] INFO  c.p.m.service.UserService - Change role attempt for userId=8c59e468-bd35-438d-b448-3ac08adc0f20 to role=ADMIN
2026-05-24 21:53:22.755 [http-nio-8080-exec-10] INFO  c.p.m.service.UserService - Role changed for userId=8c59e468-bd35-438d-b448-3ac08adc0f20 from USER to ADMIN
2026-05-24 21:53:28.443 [http-nio-8080-exec-2] INFO  c.p.m.service.UserService - Returning 7 users
2026-05-24 21:53:53.413 [http-nio-8080-exec-5] INFO  c.p.m.service.UserService - Change role attempt for userId=8c59e468-bd35-438d-b448-3ac08adc0f20 to role=ADMIN
2026-05-24 21:53:53.418 [http-nio-8080-exec-5] INFO  c.p.m.service.UserService - Role changed for userId=8c59e468-bd35-438d-b448-3ac08adc0f20 from ADMIN to ADMIN
2026-05-24 21:54:24.418 [http-nio-8080-exec-4] INFO  c.p.m.service.UserService - Deactivate user attempt for userId=8c59e468-bd35-438d-b448-3ac08adc0f20
2026-05-24 21:54:24.423 [http-nio-8080-exec-4] INFO  c.p.m.service.UserService - User deactivated: userId=8c59e468-bd35-438d-b448-3ac08adc0f20
2026-05-24 21:57:21.857 [http-nio-8080-exec-7] INFO  c.p.m.service.UserService - Authentication attempt for email=anamaria@google.ro
2026-05-24 21:57:21.862 [http-nio-8080-exec-7] WARN  c.p.m.service.UserService - Authentication failed for email=anamaria@google.ro: account deactivated
2026-05-24 21:57:53.866 [http-nio-8080-exec-9] INFO  c.p.m.service.UserService - Authentication attempt for email=rosualex@google.ro
2026-05-24 21:57:53.944 [http-nio-8080-exec-9] INFO  c.p.m.service.UserService - Authentication successful for userId=7dd21044-d1db-482e-a50c-d569cf2381f9 email=rosualex@google.ro
2026-05-24 21:58:07.518 [http-nio-8080-exec-10] INFO  c.p.m.service.UserService - Returning 7 users
2026-05-24 21:58:20.895 [http-nio-8080-exec-2] INFO  c.p.m.service.UserService - Reactivate user attempt for userId=8c59e468-bd35-438d-b448-3ac08adc0f20
2026-05-24 21:58:20.906 [http-nio-8080-exec-2] INFO  c.p.m.service.UserService - User reactivated: userId=8c59e468-bd35-438d-b448-3ac08adc0f20
2026-05-24 21:58:51.104 [http-nio-8080-exec-1] INFO  c.p.m.service.UserService - Change role attempt for userId=8c59e468-bd35-438d-b448-3ac08adc0f20 to role=USER
2026-05-24 21:58:51.108 [http-nio-8080-exec-1] INFO  c.p.m.service.UserService - Role changed for userId=8c59e468-bd35-438d-b448-3ac08adc0f20 from ADMIN to USER
2026-05-24 21:58:59.916 [http-nio-8080-exec-3] INFO  c.p.m.service.UserService - Authentication attempt for email=anamaria@google.ro
2026-05-24 21:58:59.988 [http-nio-8080-exec-3] INFO  c.p.m.service.UserService - Authentication successful for userId=8c59e468-bd35-438d-b448-3ac08adc0f20 email=anamaria@google.ro
2026-05-24 22:03:58.021 [main] INFO  c.p.m.ManagementPlatformApplication - Starting ManagementPlatformApplication v0.0.1-SNAPSHOT using Java 21.0.11 with PID 1 (/BOOT-INF/classes started by appuser in /)
2026-05-24 22:03:58.025 [main] INFO  c.p.m.ManagementPlatformApplication - No active profile set, falling back to 1 default profile: "default"
2026-05-24 22:04:03.372 [main] WARN  o.s.b.j.a.JpaBaseConfiguration$JpaWebConfiguration - spring.jpa.open-in-view is enabled by default. Therefore, database queries may be performed during view rendering. Explicitly configure spring.jpa.open-in-view to disable this warning
2026-05-24 22:04:03.489 [main] WARN  o.s.b.s.a.UserDetailsServiceAutoConfiguration - 

Using generated security password: 65d533cb-f335-4f58-afcf-14530cbe1de4

This generated password is for development use only. Your security configuration must be updated before running your application in production.

2026-05-24 22:04:04.163 [main] INFO  c.p.m.ManagementPlatformApplication - Started ManagementPlatformApplication in 6.83 seconds (process running for 7.417)
2026-05-24 22:09:56.981 [http-nio-8080-exec-1] INFO  c.p.m.service.UserService - Authentication attempt for email=anamaria@google.ro
2026-05-24 22:09:57.191 [http-nio-8080-exec-1] INFO  c.p.m.service.UserService - Authentication successful for userId=8c59e468-bd35-438d-b448-3ac08adc0f20 email=anamaria@google.ro
2026-05-24 22:12:22.570 [http-nio-8080-exec-5] INFO  c.p.m.service.UserService - Authentication attempt for email=rosualex@google.ro
2026-05-24 22:12:22.648 [http-nio-8080-exec-5] INFO  c.p.m.service.UserService - Authentication successful for userId=7dd21044-d1db-482e-a50c-d569cf2381f9 email=rosualex@google.ro
2026-05-24 22:13:01.554 [http-nio-8080-exec-7] INFO  c.p.m.service.ProjectService - Create project attempt by userId=7dd21044-d1db-482e-a50c-d569cf2381f9 projectName=Proiect Sigma: Transmisii de date
2026-05-24 22:13:01.591 [http-nio-8080-exec-7] INFO  c.p.m.service.ProjectService - Project created successfully: projectId=e4ad9035-d8b8-48b8-ad99-7bc4718064ec name=Proiect Sigma: Transmisii de date owner=7dd21044-d1db-482e-a50c-d569cf2381f9
2026-05-24 22:14:20.273 [http-nio-8080-exec-10] INFO  c.p.m.service.ProjectService - Create project attempt by userId=7dd21044-d1db-482e-a50c-d569cf2381f9 projectName=Proiect Teta: Control Optimal
2026-05-24 22:14:20.278 [http-nio-8080-exec-10] INFO  c.p.m.service.ProjectService - Project created successfully: projectId=3d2bbef2-adde-4632-ac45-8de10323f5f4 name=Proiect Teta: Control Optimal owner=7dd21044-d1db-482e-a50c-d569cf2381f9
2026-05-24 22:15:13.211 [http-nio-8080-exec-2] INFO  c.p.m.service.ProjectService - Create project attempt by userId=7dd21044-d1db-482e-a50c-d569cf2381f9 projectName=Proiect Teta2: Control Optimal 2
2026-05-24 22:15:13.215 [http-nio-8080-exec-2] INFO  c.p.m.service.ProjectService - Project created successfully: projectId=f88f3812-016d-4c9a-9ac4-c4efc07bbed5 name=Proiect Teta2: Control Optimal 2 owner=7dd21044-d1db-482e-a50c-d569cf2381f9
2026-05-24 22:15:19.481 [http-nio-8080-exec-1] INFO  c.p.m.service.ProjectService - Create project attempt by userId=7dd21044-d1db-482e-a50c-d569cf2381f9 projectName=Proiect Teta2: Control Optimal 2
2026-05-24 22:15:19.485 [http-nio-8080-exec-1] INFO  c.p.m.service.ProjectService - Project created successfully: projectId=952e3565-85bd-42de-b2a8-879753f789d2 name=Proiect Teta2: Control Optimal 2 owner=7dd21044-d1db-482e-a50c-d569cf2381f9
2026-05-24 22:16:20.072 [http-nio-8080-exec-5] INFO  c.p.m.service.ProjectService - Update project attempt: projectId=3d2bbef2-adde-4632-ac45-8de10323f5f4 requesterId=7dd21044-d1db-482e-a50c-d569cf2381f9
2026-05-24 22:16:20.098 [http-nio-8080-exec-5] INFO  c.p.m.service.ProjectService - Project updated successfully: projectId=3d2bbef2-adde-4632-ac45-8de10323f5f4 status=IN_PROGRESS
2026-05-24 22:25:12.028 [main] INFO  c.p.m.ManagementPlatformApplication - Starting ManagementPlatformApplication v0.0.1-SNAPSHOT using Java 21.0.11 with PID 1 (/BOOT-INF/classes started by appuser in /)
2026-05-24 22:25:12.032 [main] INFO  c.p.m.ManagementPlatformApplication - No active profile set, falling back to 1 default profile: "default"
2026-05-24 22:25:17.369 [main] WARN  o.s.b.j.a.JpaBaseConfiguration$JpaWebConfiguration - spring.jpa.open-in-view is enabled by default. Therefore, database queries may be performed during view rendering. Explicitly configure spring.jpa.open-in-view to disable this warning
2026-05-24 22:25:17.464 [main] WARN  o.s.b.s.a.UserDetailsServiceAutoConfiguration - 

Using generated security password: 2c7f377d-f717-45fb-8bcf-c0c1699f855f

This generated password is for development use only. Your security configuration must be updated before running your application in production.

2026-05-24 22:25:18.040 [main] INFO  c.p.m.ManagementPlatformApplication - Started ManagementPlatformApplication in 6.721 seconds (process running for 7.314)
2026-05-24 22:31:38.361 [main] INFO  c.p.m.ManagementPlatformApplication - Starting ManagementPlatformApplication v0.0.1-SNAPSHOT using Java 21.0.11 with PID 1 (/BOOT-INF/classes started by appuser in /)
2026-05-24 22:31:38.365 [main] INFO  c.p.m.ManagementPlatformApplication - No active profile set, falling back to 1 default profile: "default"
2026-05-24 22:31:42.649 [main] WARN  o.s.b.j.a.JpaBaseConfiguration$JpaWebConfiguration - spring.jpa.open-in-view is enabled by default. Therefore, database queries may be performed during view rendering. Explicitly configure spring.jpa.open-in-view to disable this warning
2026-05-24 22:31:42.753 [main] WARN  o.s.b.s.a.UserDetailsServiceAutoConfiguration - 

Using generated security password: 35393a9e-c256-4f17-9901-357ed78fb813

This generated password is for development use only. Your security configuration must be updated before running your application in production.

2026-05-24 22:31:43.300 [main] INFO  c.p.m.ManagementPlatformApplication - Started ManagementPlatformApplication in 5.506 seconds (process running for 5.9)
2026-05-24 22:43:30.161 [main] INFO  c.p.m.ManagementPlatformApplication - Starting ManagementPlatformApplication v0.0.1-SNAPSHOT using Java 21.0.11 with PID 1 (/BOOT-INF/classes started by appuser in /)
2026-05-24 22:43:30.164 [main] INFO  c.p.m.ManagementPlatformApplication - No active profile set, falling back to 1 default profile: "default"
2026-05-24 22:43:35.306 [main] WARN  o.s.b.j.a.JpaBaseConfiguration$JpaWebConfiguration - spring.jpa.open-in-view is enabled by default. Therefore, database queries may be performed during view rendering. Explicitly configure spring.jpa.open-in-view to disable this warning
2026-05-24 22:43:35.398 [main] WARN  o.s.b.s.a.UserDetailsServiceAutoConfiguration - 

Using generated security password: 3ab86768-01c1-4429-a288-4c32ebaf70a2

This generated password is for development use only. Your security configuration must be updated before running your application in production.

2026-05-24 22:43:35.971 [main] INFO  c.p.m.ManagementPlatformApplication - Started ManagementPlatformApplication in 6.499 seconds (process running for 7.173)
2026-05-24 22:49:30.834 [http-nio-8080-exec-6] INFO  c.p.m.service.ProjectService - Update project attempt: projectId=3d2bbef2-adde-4632-ac45-8de10323f5f4 requesterId=7dd21044-d1db-482e-a50c-d569cf2381f9
2026-05-24 22:49:30.912 [http-nio-8080-exec-6] INFO  c.p.m.service.ProjectService - Project updated successfully: projectId=3d2bbef2-adde-4632-ac45-8de10323f5f4 status=IN_PROGRESS
2026-05-24 22:50:09.281 [http-nio-8080-exec-7] INFO  c.p.m.service.ProjectService - Delete project attempt: projectId=aaaaaaaa-1111-aaaa-aaaa-aaaaaaaaaaaa requesterId=7dd21044-d1db-482e-a50c-d569cf2381f9
2026-05-24 22:50:09.286 [http-nio-8080-exec-7] WARN  c.p.m.service.ProjectService - Delete project failed: unauthorized access projectId=aaaaaaaa-1111-aaaa-aaaa-aaaaaaaaaaaa requesterId=7dd21044-d1db-482e-a50c-d569cf2381f9
2026-05-24 22:50:20.665 [http-nio-8080-exec-8] INFO  c.p.m.service.ProjectService - Delete project attempt: projectId=3d2bbef2-adde-4632-ac45-8de10323f5f4 requesterId=7dd21044-d1db-482e-a50c-d569cf2381f9
2026-05-24 22:50:20.669 [http-nio-8080-exec-8] INFO  c.p.m.service.ProjectService - Project deleted (deactivated) successfully: projectId=3d2bbef2-adde-4632-ac45-8de10323f5f4
2026-05-24 22:51:23.224 [http-nio-8080-exec-2] INFO  c.p.m.service.ProjectService - Add member to project attempt: projectId=11111111-1111-1111-1111-111111111111 newMemberId=49670264-28fa-469c-bc4e-6119a44a64c3 requesterId=7dd21044-d1db-482e-a50c-d569cf2381f9
2026-05-24 22:51:23.227 [http-nio-8080-exec-2] WARN  c.p.m.service.ProjectService - Add member failed: project not found projectId=11111111-1111-1111-1111-111111111111
2026-05-24 22:51:36.712 [http-nio-8080-exec-1] INFO  c.p.m.service.ProjectService - Add member to project attempt: projectId=3d2bbef2-adde-4632-ac45-8de10323f5f4 newMemberId=49670264-28fa-469c-bc4e-6119a44a64c3 requesterId=7dd21044-d1db-482e-a50c-d569cf2381f9
2026-05-24 22:51:36.718 [http-nio-8080-exec-1] WARN  c.p.m.service.ProjectService - Add member failed: user not found userId=49670264-28fa-469c-bc4e-6119a44a64c3
2026-05-24 22:51:41.453 [http-nio-8080-exec-3] INFO  c.p.m.service.ProjectService - Add member to project attempt: projectId=3d2bbef2-adde-4632-ac45-8de10323f5f4 newMemberId=11111111-1111-1111-1111-111111111111 requesterId=7dd21044-d1db-482e-a50c-d569cf2381f9
2026-05-24 22:51:41.472 [http-nio-8080-exec-3] INFO  c.p.m.service.ProjectService - Member added successfully to project: projectId=3d2bbef2-adde-4632-ac45-8de10323f5f4 newMemberId=11111111-1111-1111-1111-111111111111
2026-05-24 23:07:26.998 [main] INFO  c.p.m.ManagementPlatformApplication - Starting ManagementPlatformApplication v0.0.1-SNAPSHOT using Java 21.0.11 with PID 1 (/BOOT-INF/classes started by appuser in /)
2026-05-24 23:07:27.003 [main] INFO  c.p.m.ManagementPlatformApplication - No active profile set, falling back to 1 default profile: "default"
2026-05-24 23:07:32.576 [main] WARN  o.s.b.j.a.JpaBaseConfiguration$JpaWebConfiguration - spring.jpa.open-in-view is enabled by default. Therefore, database queries may be performed during view rendering. Explicitly configure spring.jpa.open-in-view to disable this warning
2026-05-24 23:07:32.676 [main] WARN  o.s.b.s.a.UserDetailsServiceAutoConfiguration - 

Using generated security password: 39f68cb8-2f3b-4cff-865c-5d37aee468ba

This generated password is for development use only. Your security configuration must be updated before running your application in production.

2026-05-24 23:07:33.342 [main] INFO  c.p.m.ManagementPlatformApplication - Started ManagementPlatformApplication in 7.028 seconds (process running for 7.559)
2026-05-24 23:11:54.843 [http-nio-8080-exec-1] INFO  c.p.m.service.ProjectService - Add member to project attempt: projectId=3d2bbef2-adde-4632-ac45-8de10323f5f4 newMemberId=11111111-1111-1111-1111-111111111111 requesterId=7dd21044-d1db-482e-a50c-d569cf2381f9
2026-05-24 23:11:54.961 [http-nio-8080-exec-1] WARN  c.p.m.service.ProjectService - Add member failed: project is not active projectId=3d2bbef2-adde-4632-ac45-8de10323f5f4
2026-05-24 23:12:44.267 [http-nio-8080-exec-3] INFO  c.p.m.service.ProjectService - Update project attempt: projectId=3d2bbef2-adde-4632-ac45-8de10323f5f4 requesterId=7dd21044-d1db-482e-a50c-d569cf2381f9
2026-05-24 23:12:44.282 [http-nio-8080-exec-3] INFO  c.p.m.service.ProjectService - Project updated successfully: projectId=3d2bbef2-adde-4632-ac45-8de10323f5f4 status=IN_PROGRESS
2026-05-24 23:12:51.578 [http-nio-8080-exec-5] INFO  c.p.m.service.ProjectService - Add member to project attempt: projectId=3d2bbef2-adde-4632-ac45-8de10323f5f4 newMemberId=11111111-1111-1111-1111-111111111111 requesterId=7dd21044-d1db-482e-a50c-d569cf2381f9
2026-05-24 23:12:51.596 [http-nio-8080-exec-5] WARN  c.p.m.service.ProjectService - Add member failed: user already member projectId=3d2bbef2-adde-4632-ac45-8de10323f5f4 userId=11111111-1111-1111-1111-111111111111
2026-05-24 23:16:14.968 [http-nio-8080-exec-7] INFO  c.p.m.service.ProjectService - Add member to project attempt: projectId=3d2bbef2-adde-4632-ac45-8de10323f5f4 newMemberId=11111111-1111-1111-1111-111111111111 requesterId=7dd21044-d1db-482e-a50c-d569cf2381f9
2026-05-24 23:16:14.973 [http-nio-8080-exec-7] WARN  c.p.m.service.ProjectService - Add member failed: user to add is not active userId=11111111-1111-1111-1111-111111111111
2026-05-24 23:16:48.100 [http-nio-8080-exec-8] INFO  c.p.m.service.ProjectService - Add member to project attempt: projectId=3d2bbef2-adde-4632-ac45-8de10323f5f4 newMemberId=11111111-1111-1111-1111-111111111111 requesterId=7dd21044-d1db-482e-a50c-d569cf2381f9
2026-05-24 23:16:48.115 [http-nio-8080-exec-8] INFO  c.p.m.service.ProjectService - Member added successfully to project: projectId=3d2bbef2-adde-4632-ac45-8de10323f5f4 newMemberId=11111111-1111-1111-1111-111111111111
2026-05-24 23:17:08.078 [http-nio-8080-exec-9] INFO  c.p.m.service.ProjectService - Returning 7 active projects
2026-05-24 23:17:33.113 [http-nio-8080-exec-10] INFO  c.p.m.service.ProjectService - Delete project attempt: projectId=3d2bbef2-adde-4632-ac45-8de10323f5f4 requesterId=7dd21044-d1db-482e-a50c-d569cf2381f9
2026-05-24 23:17:33.117 [http-nio-8080-exec-10] INFO  c.p.m.service.ProjectService - Project deleted (deactivated) successfully: projectId=3d2bbef2-adde-4632-ac45-8de10323f5f4
2026-05-24 23:18:10.493 [http-nio-8080-exec-2] INFO  c.p.m.service.UserService - Authentication attempt for email=anamaria@google.ro
2026-05-24 23:18:10.591 [http-nio-8080-exec-2] INFO  c.p.m.service.UserService - Authentication successful for userId=8c59e468-bd35-438d-b448-3ac08adc0f20 email=anamaria@google.ro
2026-05-24 23:18:23.808 [http-nio-8080-exec-4] INFO  c.p.m.service.ProjectService - Returning 0 projects for userId=8c59e468-bd35-438d-b448-3ac08adc0f20
2026-05-24 23:18:37.539 [http-nio-8080-exec-3] INFO  c.p.m.service.ProjectService - Delete project attempt: projectId=3d2bbef2-adde-4632-ac45-8de10323f5f4 requesterId=8c59e468-bd35-438d-b448-3ac08adc0f20
2026-05-24 23:18:37.543 [http-nio-8080-exec-3] WARN  c.p.m.service.ProjectService - Delete project failed: unauthorized access projectId=3d2bbef2-adde-4632-ac45-8de10323f5f4 requesterId=8c59e468-bd35-438d-b448-3ac08adc0f20
2026-05-24 23:18:44.093 [http-nio-8080-exec-5] INFO  c.p.m.service.ProjectService - Update project attempt: projectId=3d2bbef2-adde-4632-ac45-8de10323f5f4 requesterId=8c59e468-bd35-438d-b448-3ac08adc0f20
2026-05-24 23:18:44.096 [http-nio-8080-exec-5] WARN  c.p.m.service.ProjectService - Update project failed: unauthorized access projectId=3d2bbef2-adde-4632-ac45-8de10323f5f4 requesterId=8c59e468-bd35-438d-b448-3ac08adc0f20
2026-05-24 23:19:01.227 [http-nio-8080-exec-6] INFO  c.p.m.service.ProjectService - Create project attempt by userId=8c59e468-bd35-438d-b448-3ac08adc0f20 projectName=Proiect Teta3: Control Optimal 3
2026-05-24 23:19:01.246 [http-nio-8080-exec-6] INFO  c.p.m.service.ProjectService - Project created successfully: projectId=f94d9fb6-a019-4eff-98af-adb14565d518 name=Proiect Teta3: Control Optimal 3 owner=8c59e468-bd35-438d-b448-3ac08adc0f20
2026-05-24 23:19:26.831 [http-nio-8080-exec-8] INFO  c.p.m.service.ProjectService - Returning 1 projects for userId=8c59e468-bd35-438d-b448-3ac08adc0f20
2026-05-24 23:20:45.484 [http-nio-8080-exec-5] INFO  c.p.m.service.TaskService - Create task attempt: projectId=f94d9fb6-a019-4eff-98af-adb14565d518 requesterId=8c59e468-bd35-438d-b448-3ac08adc0f20 title=Configurare baza de date
2026-05-24 23:20:45.503 [http-nio-8080-exec-5] INFO  c.p.m.service.TaskService - Task created successfully: taskId=abcc4e83-96fe-472d-849c-90c0c0c24e41 projectId=f94d9fb6-a019-4eff-98af-adb14565d518 createdBy=8c59e468-bd35-438d-b448-3ac08adc0f20
2026-05-24 23:23:28.818 [http-nio-8080-exec-8] INFO  c.p.m.service.ProjectService - Returning 6 projects for userId=8c59e468-bd35-438d-b448-3ac08adc0f20
2026-05-24 23:25:09.592 [http-nio-8080-exec-2] INFO  c.p.m.service.TaskService - Get filtered tasks: projectId=53fe1413-ef8a-4ad1-9a8f-89109f7516a5 status=null priority=null requesterId=8c59e468-bd35-438d-b448-3ac08adc0f20
2026-05-24 23:25:09.604 [http-nio-8080-exec-2] WARN  c.p.m.service.TaskService - Get filtered tasks failed: project not found projectId=53fe1413-ef8a-4ad1-9a8f-89109f7516a5
2026-05-24 23:25:43.841 [http-nio-8080-exec-1] INFO  c.p.m.service.TaskService - Get filtered tasks: projectId=aaaaaaaa-1111-aaaa-aaaa-aaaaaaaaaaaa status=null priority=null requesterId=8c59e468-bd35-438d-b448-3ac08adc0f20
2026-05-24 23:25:43.886 [http-nio-8080-exec-1] INFO  c.p.m.service.TaskService - Returning 2 tasks for projectId=aaaaaaaa-1111-aaaa-aaaa-aaaaaaaaaaaa
2026-05-24 23:28:36.767 [http-nio-8080-exec-5] INFO  c.p.m.service.TaskService - Get filtered tasks: projectId=aaaaaaaa-1111-aaaa-aaaa-aaaaaaaaaaaa status=IN_PROGRESS priority=null requesterId=8c59e468-bd35-438d-b448-3ac08adc0f20
2026-05-24 23:28:36.781 [http-nio-8080-exec-5] INFO  c.p.m.service.TaskService - Returning 1 tasks for projectId=aaaaaaaa-1111-aaaa-aaaa-aaaaaaaaaaaa
2026-05-24 23:31:17.182 [http-nio-8080-exec-8] INFO  c.p.m.service.TaskService - Get filtered tasks: projectId=aaaaaaaa-1111-aaaa-aaaa-aaaaaaaaaaaa status=IN_PROGRESS priority=null requesterId=8c59e468-bd35-438d-b448-3ac08adc0f20
2026-05-24 23:31:17.195 [http-nio-8080-exec-8] INFO  c.p.m.service.TaskService - Returning 2 tasks for projectId=aaaaaaaa-1111-aaaa-aaaa-aaaaaaaaaaaa
2026-05-24 23:33:24.770 [http-nio-8080-exec-2] INFO  c.p.m.service.TaskService - Delete task attempt: taskId=abcc4e83-96fe-472d-849c-90c0c0c24e41 requesterId=8c59e468-bd35-438d-b448-3ac08adc0f20
2026-05-24 23:33:24.805 [http-nio-8080-exec-2] INFO  c.p.m.service.TaskService - Task deleted successfully: taskId=abcc4e83-96fe-472d-849c-90c0c0c24e41 requesterId=8c59e468-bd35-438d-b448-3ac08adc0f20
2026-05-24 23:34:20.985 [http-nio-8080-exec-1] INFO  c.p.m.service.TaskService - Assign task attempt: taskId=bbbbbbbb-4444-4444-4444-bbbbbbbbbbbb assigneeId=11111111-1111-1111-1111-111111111111 requesterId=8c59e468-bd35-438d-b448-3ac08adc0f20
2026-05-24 23:34:20.995 [http-nio-8080-exec-1] INFO  c.p.m.service.TaskService - Task assigned: taskId=bbbbbbbb-4444-4444-4444-bbbbbbbbbbbb assigneeId=11111111-1111-1111-1111-111111111111 by requesterId=8c59e468-bd35-438d-b448-3ac08adc0f20
2026-05-24 23:34:52.823 [http-nio-8080-exec-4] INFO  c.p.m.service.TaskService - Assign task attempt: taskId=bbbbbbbb-4444-4444-4444-bbbbbbbbbbbb assigneeId=null requesterId=8c59e468-bd35-438d-b448-3ac08adc0f20
2026-05-24 23:34:52.831 [http-nio-8080-exec-4] INFO  c.p.m.service.TaskService - Task unassigned: taskId=bbbbbbbb-4444-4444-4444-bbbbbbbbbbbb by requesterId=8c59e468-bd35-438d-b448-3ac08adc0f20
2026-05-24 23:37:40.797 [http-nio-8080-exec-6] INFO  c.p.m.service.ProjectService - Update project attempt: projectId=3d2bbef2-adde-4632-ac45-8de10323f5f4 requesterId=8c59e468-bd35-438d-b448-3ac08adc0f20
2026-05-24 23:37:40.802 [http-nio-8080-exec-6] WARN  c.p.m.service.ProjectService - Update project failed: unauthorized access projectId=3d2bbef2-adde-4632-ac45-8de10323f5f4 requesterId=8c59e468-bd35-438d-b448-3ac08adc0f20
2026-05-24 23:38:28.771 [http-nio-8080-exec-7] INFO  c.p.m.service.ProjectService - Add member to project attempt: projectId=3d2bbef2-adde-4632-ac45-8de10323f5f4 newMemberId=11111111-1111-1111-1111-111111111111 requesterId=8c59e468-bd35-438d-b448-3ac08adc0f20
2026-05-24 23:38:28.774 [http-nio-8080-exec-7] WARN  c.p.m.service.ProjectService - Add member failed: unauthorized access projectId=3d2bbef2-adde-4632-ac45-8de10323f5f4 requesterId=8c59e468-bd35-438d-b448-3ac08adc0f20
